[2023-04-09 14:22:05] local.ERROR: The "-m" option does not exist. {"exception":"[object] (Symfony\\Component\\Console\\Exception\\RuntimeException(code: 0): The \"-m\" option does not exist. at H:\\ExpenseTracker\\vendor\\symfony\\console\\Input\\ArgvInput.php:119)
[stacktrace]
#0 H:\\ExpenseTracker\\vendor\\symfony\\console\\Input\\ArgvInput.php(101): Symfony\\Component\\Console\\Input\\ArgvInput->parseShortOptionSet()
#1 H:\\ExpenseTracker\\vendor\\symfony\\console\\Input\\ArgvInput.php(81): Symfony\\Component\\Console\\Input\\ArgvInput->parseShortOption()
#2 H:\\ExpenseTracker\\vendor\\symfony\\console\\Input\\ArgvInput.php(68): Symfony\\Component\\Console\\Input\\ArgvInput->parseToken()
#3 H:\\ExpenseTracker\\vendor\\symfony\\console\\Input\\Input.php(52): Symfony\\Component\\Console\\Input\\ArgvInput->parse()
#4 H:\\ExpenseTracker\\vendor\\symfony\\console\\Command\\Command.php(271): Symfony\\Component\\Console\\Input\\Input->bind()
#5 H:\\ExpenseTracker\\vendor\\laravel\\framework\\src\\Illuminate\\Console\\Command.php(163): Symfony\\Component\\Console\\Command\\Command->run()
#6 H:\\ExpenseTracker\\vendor\\symfony\\console\\Application.php(1040): Illuminate\\Console\\Command->run()
#7 H:\\ExpenseTracker\\vendor\\symfony\\console\\Application.php(314): Symfony\\Component\\Console\\Application->doRunCommand()
#8 H:\\ExpenseTracker\\vendor\\symfony\\console\\Application.php(168): Symfony\\Component\\Console\\Application->doRun()
#9 H:\\ExpenseTracker\\vendor\\laravel\\framework\\src\\Illuminate\\Foundation\\Console\\Kernel.php(200): Symfony\\Component\\Console\\Application->run()
#10 H:\\ExpenseTracker\\artisan(35): Illuminate\\Foundation\\Console\\Kernel->handle()
#11 {main}
"} 
[2023-04-09 14:22:09] local.ERROR: The "--model" option does not exist. {"exception":"[object] (Symfony\\Component\\Console\\Exception\\RuntimeException(code: 0): The \"--model\" option does not exist. at H:\\ExpenseTracker\\vendor\\symfony\\console\\Input\\ArgvInput.php:217)
[stacktrace]
#0 H:\\ExpenseTracker\\vendor\\symfony\\console\\Input\\ArgvInput.php(144): Symfony\\Component\\Console\\Input\\ArgvInput->addLongOption()
#1 H:\\ExpenseTracker\\vendor\\symfony\\console\\Input\\ArgvInput.php(79): Symfony\\Component\\Console\\Input\\ArgvInput->parseLongOption()
#2 H:\\ExpenseTracker\\vendor\\symfony\\console\\Input\\ArgvInput.php(68): Symfony\\Component\\Console\\Input\\ArgvInput->parseToken()
#3 H:\\ExpenseTracker\\vendor\\symfony\\console\\Input\\Input.php(52): Symfony\\Component\\Console\\Input\\ArgvInput->parse()
#4 H:\\ExpenseTracker\\vendor\\symfony\\console\\Command\\Command.php(271): Symfony\\Component\\Console\\Input\\Input->bind()
#5 H:\\ExpenseTracker\\vendor\\laravel\\framework\\src\\Illuminate\\Console\\Command.php(163): Symfony\\Component\\Console\\Command\\Command->run()
#6 H:\\ExpenseTracker\\vendor\\symfony\\console\\Application.php(1040): Illuminate\\Console\\Command->run()
#7 H:\\ExpenseTracker\\vendor\\symfony\\console\\Application.php(314): Symfony\\Component\\Console\\Application->doRunCommand()
#8 H:\\ExpenseTracker\\vendor\\symfony\\console\\Application.php(168): Symfony\\Component\\Console\\Application->doRun()
#9 H:\\ExpenseTracker\\vendor\\laravel\\framework\\src\\Illuminate\\Foundation\\Console\\Kernel.php(200): Symfony\\Component\\Console\\Application->run()
#10 H:\\ExpenseTracker\\artisan(35): Illuminate\\Foundation\\Console\\Kernel->handle()
#11 {main}
"} 
[2023-04-09 14:25:45] local.ERROR: The "--resource" option does not exist. {"exception":"[object] (Symfony\\Component\\Console\\Exception\\RuntimeException(code: 0): The \"--resource\" option does not exist. at H:\\ExpenseTracker\\vendor\\symfony\\console\\Input\\ArgvInput.php:217)
[stacktrace]
#0 H:\\ExpenseTracker\\vendor\\symfony\\console\\Input\\ArgvInput.php(146): Symfony\\Component\\Console\\Input\\ArgvInput->addLongOption()
#1 H:\\ExpenseTracker\\vendor\\symfony\\console\\Input\\ArgvInput.php(79): Symfony\\Component\\Console\\Input\\ArgvInput->parseLongOption()
#2 H:\\ExpenseTracker\\vendor\\symfony\\console\\Input\\ArgvInput.php(68): Symfony\\Component\\Console\\Input\\ArgvInput->parseToken()
#3 H:\\ExpenseTracker\\vendor\\symfony\\console\\Input\\Input.php(52): Symfony\\Component\\Console\\Input\\ArgvInput->parse()
#4 H:\\ExpenseTracker\\vendor\\symfony\\console\\Command\\Command.php(271): Symfony\\Component\\Console\\Input\\Input->bind()
#5 H:\\ExpenseTracker\\vendor\\laravel\\framework\\src\\Illuminate\\Console\\Command.php(163): Symfony\\Component\\Console\\Command\\Command->run()
#6 H:\\ExpenseTracker\\vendor\\symfony\\console\\Application.php(1040): Illuminate\\Console\\Command->run()
#7 H:\\ExpenseTracker\\vendor\\symfony\\console\\Application.php(314): Symfony\\Component\\Console\\Application->doRunCommand()
#8 H:\\ExpenseTracker\\vendor\\symfony\\console\\Application.php(168): Symfony\\Component\\Console\\Application->doRun()
#9 H:\\ExpenseTracker\\vendor\\laravel\\framework\\src\\Illuminate\\Foundation\\Console\\Kernel.php(200): Symfony\\Component\\Console\\Application->run()
#10 H:\\ExpenseTracker\\artisan(35): Illuminate\\Foundation\\Console\\Kernel->handle()
#11 {main}
"} 
[2023-04-09 14:26:32] local.ERROR: The "--resource" option does not exist. {"exception":"[object] (Symfony\\Component\\Console\\Exception\\RuntimeException(code: 0): The \"--resource\" option does not exist. at H:\\ExpenseTracker\\vendor\\symfony\\console\\Input\\ArgvInput.php:217)
[stacktrace]
#0 H:\\ExpenseTracker\\vendor\\symfony\\console\\Input\\ArgvInput.php(146): Symfony\\Component\\Console\\Input\\ArgvInput->addLongOption()
#1 H:\\ExpenseTracker\\vendor\\symfony\\console\\Input\\ArgvInput.php(79): Symfony\\Component\\Console\\Input\\ArgvInput->parseLongOption()
#2 H:\\ExpenseTracker\\vendor\\symfony\\console\\Input\\ArgvInput.php(68): Symfony\\Component\\Console\\Input\\ArgvInput->parseToken()
#3 H:\\ExpenseTracker\\vendor\\symfony\\console\\Input\\Input.php(52): Symfony\\Component\\Console\\Input\\ArgvInput->parse()
#4 H:\\ExpenseTracker\\vendor\\symfony\\console\\Command\\Command.php(271): Symfony\\Component\\Console\\Input\\Input->bind()
#5 H:\\ExpenseTracker\\vendor\\laravel\\framework\\src\\Illuminate\\Console\\Command.php(163): Symfony\\Component\\Console\\Command\\Command->run()
#6 H:\\ExpenseTracker\\vendor\\symfony\\console\\Application.php(1040): Illuminate\\Console\\Command->run()
#7 H:\\ExpenseTracker\\vendor\\symfony\\console\\Application.php(314): Symfony\\Component\\Console\\Application->doRunCommand()
#8 H:\\ExpenseTracker\\vendor\\symfony\\console\\Application.php(168): Symfony\\Component\\Console\\Application->doRun()
#9 H:\\ExpenseTracker\\vendor\\laravel\\framework\\src\\Illuminate\\Foundation\\Console\\Kernel.php(200): Symfony\\Component\\Console\\Application->run()
#10 H:\\ExpenseTracker\\artisan(35): Illuminate\\Foundation\\Console\\Kernel->handle()
#11 {main}
"} 
[2023-04-09 15:35:22] local.ERROR: SQLSTATE[42S01]: Base table or view already exists: 1050 Table 'users' already exists (Connection: mysql, SQL: create table `users` (`id` bigint unsigned not null auto_increment primary key, `name` varchar(255) not null, `email` varchar(255) not null, `email_verified_at` timestamp null, `password` varchar(255) not null, `remember_token` varchar(100) null, `created_at` timestamp null, `updated_at` timestamp null) default character set utf8mb4 collate 'utf8mb4_unicode_ci') {"exception":"[object] (Illuminate\\Database\\QueryException(code: 42S01): SQLSTATE[42S01]: Base table or view already exists: 1050 Table 'users' already exists (Connection: mysql, SQL: create table `users` (`id` bigint unsigned not null auto_increment primary key, `name` varchar(255) not null, `email` varchar(255) not null, `email_verified_at` timestamp null, `password` varchar(255) not null, `remember_token` varchar(100) null, `created_at` timestamp null, `updated_at` timestamp null) default character set utf8mb4 collate 'utf8mb4_unicode_ci') at H:\\ExpenseTracker\\vendor\\laravel\\framework\\src\\Illuminate\\Database\\Connection.php:793)
[stacktrace]
#0 H:\\ExpenseTracker\\vendor\\laravel\\framework\\src\\Illuminate\\Database\\Connection.php(753): Illuminate\\Database\\Connection->runQueryCallback()
#1 H:\\ExpenseTracker\\vendor\\laravel\\framework\\src\\Illuminate\\Database\\Connection.php(567): Illuminate\\Database\\Connection->run()
#2 H:\\ExpenseTracker\\vendor\\laravel\\framework\\src\\Illuminate\\Database\\Schema\\Blueprint.php(109): Illuminate\\Database\\Connection->statement()
#3 H:\\ExpenseTracker\\vendor\\laravel\\framework\\src\\Illuminate\\Database\\Schema\\Builder.php(439): Illuminate\\Database\\Schema\\Blueprint->build()
#4 H:\\ExpenseTracker\\vendor\\laravel\\framework\\src\\Illuminate\\Database\\Schema\\Builder.php(281): Illuminate\\Database\\Schema\\Builder->build()
#5 H:\\ExpenseTracker\\vendor\\laravel\\framework\\src\\Illuminate\\Support\\Facades\\Facade.php(353): Illuminate\\Database\\Schema\\Builder->create()
#6 H:\\ExpenseTracker\\database\\migrations\\2014_10_12_000000_create_users_table.php(14): Illuminate\\Support\\Facades\\Facade::__callStatic()
#7 H:\\ExpenseTracker\\vendor\\laravel\\framework\\src\\Illuminate\\Database\\Migrations\\Migrator.php(492): Illuminate\\Database\\Migrations\\Migration@anonymous->up()
#8 H:\\ExpenseTracker\\vendor\\laravel\\framework\\src\\Illuminate\\Database\\Migrations\\Migrator.php(410): Illuminate\\Database\\Migrations\\Migrator->runMethod()
#9 H:\\ExpenseTracker\\vendor\\laravel\\framework\\src\\Illuminate\\Database\\Migrations\\Migrator.php(419): Illuminate\\Database\\Migrations\\Migrator->Illuminate\\Database\\Migrations\\{closure}()
#10 H:\\ExpenseTracker\\vendor\\laravel\\framework\\src\\Illuminate\\Database\\Migrations\\Migrator.php(216): Illuminate\\Database\\Migrations\\Migrator->runMigration()
#11 H:\\ExpenseTracker\\vendor\\laravel\\framework\\src\\Illuminate\\Console\\View\\Components\\Task.php(37): Illuminate\\Database\\Migrations\\Migrator->Illuminate\\Database\\Migrations\\{closure}()
#12 H:\\ExpenseTracker\\vendor\\laravel\\framework\\src\\Illuminate\\Database\\Migrations\\Migrator.php(755): Illuminate\\Console\\View\\Components\\Task->render()
#13 H:\\ExpenseTracker\\vendor\\laravel\\framework\\src\\Illuminate\\Database\\Migrations\\Migrator.php(216): Illuminate\\Database\\Migrations\\Migrator->write()
#14 H:\\ExpenseTracker\\vendor\\laravel\\framework\\src\\Illuminate\\Database\\Migrations\\Migrator.php(181): Illuminate\\Database\\Migrations\\Migrator->runUp()
#15 H:\\ExpenseTracker\\vendor\\laravel\\framework\\src\\Illuminate\\Database\\Migrations\\Migrator.php(124): Illuminate\\Database\\Migrations\\Migrator->runPending()
#16 H:\\ExpenseTracker\\vendor\\laravel\\framework\\src\\Illuminate\\Database\\Console\\Migrations\\MigrateCommand.php(88): Illuminate\\Database\\Migrations\\Migrator->run()
#17 H:\\ExpenseTracker\\vendor\\laravel\\framework\\src\\Illuminate\\Database\\Migrations\\Migrator.php(632): Illuminate\\Database\\Console\\Migrations\\MigrateCommand->Illuminate\\Database\\Console\\Migrations\\{closure}()
#18 H:\\ExpenseTracker\\vendor\\laravel\\framework\\src\\Illuminate\\Database\\Console\\Migrations\\MigrateCommand.php(81): Illuminate\\Database\\Migrations\\Migrator->usingConnection()
#19 H:\\ExpenseTracker\\vendor\\laravel\\framework\\src\\Illuminate\\Container\\BoundMethod.php(36): Illuminate\\Database\\Console\\Migrations\\MigrateCommand->handle()
#20 H:\\ExpenseTracker\\vendor\\laravel\\framework\\src\\Illuminate\\Container\\Util.php(41): Illuminate\\Container\\BoundMethod::Illuminate\\Container\\{closure}()
#21 H:\\ExpenseTracker\\vendor\\laravel\\framework\\src\\Illuminate\\Container\\BoundMethod.php(93): Illuminate\\Container\\Util::unwrapIfClosure()
#22 H:\\ExpenseTracker\\vendor\\laravel\\framework\\src\\Illuminate\\Container\\BoundMethod.php(35): Illuminate\\Container\\BoundMethod::callBoundMethod()
#23 H:\\ExpenseTracker\\vendor\\laravel\\framework\\src\\Illuminate\\Container\\Container.php(662): Illuminate\\Container\\BoundMethod::call()
#24 H:\\ExpenseTracker\\vendor\\laravel\\framework\\src\\Illuminate\\Console\\Command.php(194): Illuminate\\Container\\Container->call()
#25 H:\\ExpenseTracker\\vendor\\symfony\\console\\Command\\Command.php(312): Illuminate\\Console\\Command->execute()
#26 H:\\ExpenseTracker\\vendor\\laravel\\framework\\src\\Illuminate\\Console\\Command.php(163): Symfony\\Component\\Console\\Command\\Command->run()
#27 H:\\ExpenseTracker\\vendor\\symfony\\console\\Application.php(1040): Illuminate\\Console\\Command->run()
#28 H:\\ExpenseTracker\\vendor\\symfony\\console\\Application.php(314): Symfony\\Component\\Console\\Application->doRunCommand()
#29 H:\\ExpenseTracker\\vendor\\symfony\\console\\Application.php(168): Symfony\\Component\\Console\\Application->doRun()
#30 H:\\ExpenseTracker\\vendor\\laravel\\framework\\src\\Illuminate\\Foundation\\Console\\Kernel.php(200): Symfony\\Component\\Console\\Application->run()
#31 H:\\ExpenseTracker\\artisan(35): Illuminate\\Foundation\\Console\\Kernel->handle()
#32 {main}

[previous exception] [object] (PDOException(code: 42S01): SQLSTATE[42S01]: Base table or view already exists: 1050 Table 'users' already exists at H:\\ExpenseTracker\\vendor\\laravel\\framework\\src\\Illuminate\\Database\\Connection.php:578)
[stacktrace]
#0 H:\\ExpenseTracker\\vendor\\laravel\\framework\\src\\Illuminate\\Database\\Connection.php(578): PDOStatement->execute()
#1 H:\\ExpenseTracker\\vendor\\laravel\\framework\\src\\Illuminate\\Database\\Connection.php(786): Illuminate\\Database\\Connection->Illuminate\\Database\\{closure}()
#2 H:\\ExpenseTracker\\vendor\\laravel\\framework\\src\\Illuminate\\Database\\Connection.php(753): Illuminate\\Database\\Connection->runQueryCallback()
#3 H:\\ExpenseTracker\\vendor\\laravel\\framework\\src\\Illuminate\\Database\\Connection.php(567): Illuminate\\Database\\Connection->run()
#4 H:\\ExpenseTracker\\vendor\\laravel\\framework\\src\\Illuminate\\Database\\Schema\\Blueprint.php(109): Illuminate\\Database\\Connection->statement()
#5 H:\\ExpenseTracker\\vendor\\laravel\\framework\\src\\Illuminate\\Database\\Schema\\Builder.php(439): Illuminate\\Database\\Schema\\Blueprint->build()
#6 H:\\ExpenseTracker\\vendor\\laravel\\framework\\src\\Illuminate\\Database\\Schema\\Builder.php(281): Illuminate\\Database\\Schema\\Builder->build()
#7 H:\\ExpenseTracker\\vendor\\laravel\\framework\\src\\Illuminate\\Support\\Facades\\Facade.php(353): Illuminate\\Database\\Schema\\Builder->create()
#8 H:\\ExpenseTracker\\database\\migrations\\2014_10_12_000000_create_users_table.php(14): Illuminate\\Support\\Facades\\Facade::__callStatic()
#9 H:\\ExpenseTracker\\vendor\\laravel\\framework\\src\\Illuminate\\Database\\Migrations\\Migrator.php(492): Illuminate\\Database\\Migrations\\Migration@anonymous->up()
#10 H:\\ExpenseTracker\\vendor\\laravel\\framework\\src\\Illuminate\\Database\\Migrations\\Migrator.php(410): Illuminate\\Database\\Migrations\\Migrator->runMethod()
#11 H:\\ExpenseTracker\\vendor\\laravel\\framework\\src\\Illuminate\\Database\\Migrations\\Migrator.php(419): Illuminate\\Database\\Migrations\\Migrator->Illuminate\\Database\\Migrations\\{closure}()
#12 H:\\ExpenseTracker\\vendor\\laravel\\framework\\src\\Illuminate\\Database\\Migrations\\Migrator.php(216): Illuminate\\Database\\Migrations\\Migrator->runMigration()
#13 H:\\ExpenseTracker\\vendor\\laravel\\framework\\src\\Illuminate\\Console\\View\\Components\\Task.php(37): Illuminate\\Database\\Migrations\\Migrator->Illuminate\\Database\\Migrations\\{closure}()
#14 H:\\ExpenseTracker\\vendor\\laravel\\framework\\src\\Illuminate\\Database\\Migrations\\Migrator.php(755): Illuminate\\Console\\View\\Components\\Task->render()
#15 H:\\ExpenseTracker\\vendor\\laravel\\framework\\src\\Illuminate\\Database\\Migrations\\Migrator.php(216): Illuminate\\Database\\Migrations\\Migrator->write()
#16 H:\\ExpenseTracker\\vendor\\laravel\\framework\\src\\Illuminate\\Database\\Migrations\\Migrator.php(181): Illuminate\\Database\\Migrations\\Migrator->runUp()
#17 H:\\ExpenseTracker\\vendor\\laravel\\framework\\src\\Illuminate\\Database\\Migrations\\Migrator.php(124): Illuminate\\Database\\Migrations\\Migrator->runPending()
#18 H:\\ExpenseTracker\\vendor\\laravel\\framework\\src\\Illuminate\\Database\\Console\\Migrations\\MigrateCommand.php(88): Illuminate\\Database\\Migrations\\Migrator->run()
#19 H:\\ExpenseTracker\\vendor\\laravel\\framework\\src\\Illuminate\\Database\\Migrations\\Migrator.php(632): Illuminate\\Database\\Console\\Migrations\\MigrateCommand->Illuminate\\Database\\Console\\Migrations\\{closure}()
#20 H:\\ExpenseTracker\\vendor\\laravel\\framework\\src\\Illuminate\\Database\\Console\\Migrations\\MigrateCommand.php(81): Illuminate\\Database\\Migrations\\Migrator->usingConnection()
#21 H:\\ExpenseTracker\\vendor\\laravel\\framework\\src\\Illuminate\\Container\\BoundMethod.php(36): Illuminate\\Database\\Console\\Migrations\\MigrateCommand->handle()
#22 H:\\ExpenseTracker\\vendor\\laravel\\framework\\src\\Illuminate\\Container\\Util.php(41): Illuminate\\Container\\BoundMethod::Illuminate\\Container\\{closure}()
#23 H:\\ExpenseTracker\\vendor\\laravel\\framework\\src\\Illuminate\\Container\\BoundMethod.php(93): Illuminate\\Container\\Util::unwrapIfClosure()
#24 H:\\ExpenseTracker\\vendor\\laravel\\framework\\src\\Illuminate\\Container\\BoundMethod.php(35): Illuminate\\Container\\BoundMethod::callBoundMethod()
#25 H:\\ExpenseTracker\\vendor\\laravel\\framework\\src\\Illuminate\\Container\\Container.php(662): Illuminate\\Container\\BoundMethod::call()
#26 H:\\ExpenseTracker\\vendor\\laravel\\framework\\src\\Illuminate\\Console\\Command.php(194): Illuminate\\Container\\Container->call()
#27 H:\\ExpenseTracker\\vendor\\symfony\\console\\Command\\Command.php(312): Illuminate\\Console\\Command->execute()
#28 H:\\ExpenseTracker\\vendor\\laravel\\framework\\src\\Illuminate\\Console\\Command.php(163): Symfony\\Component\\Console\\Command\\Command->run()
#29 H:\\ExpenseTracker\\vendor\\symfony\\console\\Application.php(1040): Illuminate\\Console\\Command->run()
#30 H:\\ExpenseTracker\\vendor\\symfony\\console\\Application.php(314): Symfony\\Component\\Console\\Application->doRunCommand()
#31 H:\\ExpenseTracker\\vendor\\symfony\\console\\Application.php(168): Symfony\\Component\\Console\\Application->doRun()
#32 H:\\ExpenseTracker\\vendor\\laravel\\framework\\src\\Illuminate\\Foundation\\Console\\Kernel.php(200): Symfony\\Component\\Console\\Application->run()
#33 H:\\ExpenseTracker\\artisan(35): Illuminate\\Foundation\\Console\\Kernel->handle()
#34 {main}
"} 
